============================================================
Program for calculation of partial differential equations.  
============================================================
(c) Dr. Thomas Ludwig, TU München.
    Thomas A. Zochler, TU München.
    Andreas C. Schmidt, TU München.
============================================================

Berechnungszeit:    28.417857 s 
Speicherbedarf:     128.563118 MiB
Berechnungsmethode: Gauss-Seidel
Interlines:         512
Stoerfunktion:      f(x,y) = 2pi^2*sin(pi*x)sin(pi*y)
Terminierung:       Anzahl der Iterationen
Anzahl Iterationen: 1024
Norm des Fehlers:   5.856315e-07

Matrix:
 0.0000 0.0000 0.0000 0.0000 0.0000 0.0000 0.0000 0.0000 0.0000
 0.0000 0.0001 0.0002 0.0002 0.0002 0.0002 0.0002 0.0001 0.0000
 0.0000 0.0002 0.0003 0.0004 0.0004 0.0004 0.0003 0.0002 0.0000
 0.0000 0.0002 0.0004 0.0005 0.0006 0.0005 0.0004 0.0002 0.0000
 0.0000 0.0002 0.0004 0.0006 0.0006 0.0006 0.0004 0.0002 0.0000
 0.0000 0.0002 0.0004 0.0005 0.0006 0.0005 0.0004 0.0002 0.0000
 0.0000 0.0002 0.0003 0.0004 0.0004 0.0004 0.0003 0.0002 0.0000
 0.0000 0.0001 0.0002 0.0002 0.0002 0.0002 0.0002 0.0001 0.0000
 0.0000 0.0000 0.0000 0.0000 0.0000 0.0000 0.0000 0.0000 0.0000
